This is XeTeX, Version 3.141592653-2.6-0.999996 (TeX Live 2024) (preloaded format=xelatex 2024.9.17)  2 DEC 2024 11:44
entering extended mode
 \write18 enabled.
 %&-line parsing enabled.
**dop.tex
(./dop.tex
LaTeX2e <2023-11-01> patch level 1
L3 programming layer <2024-02-20>
(d:/texlive/2024/texmf-dist/tex/latex/base/article.cls
Document Class: article 2023/05/17 v1.4n Standard LaTeX document class
(d:/texlive/2024/texmf-dist/tex/latex/base/size12.clo
File: size12.clo 2023/05/17 v1.4n Standard LaTeX file (size option)
)
\c@part=\count184
\c@section=\count185
\c@subsection=\count186
\c@subsubsection=\count187
\c@paragraph=\count188
\c@subparagraph=\count189
\c@figure=\count190
\c@table=\count191
\abovecaptionskip=\skip48
\belowcaptionskip=\skip49
\bibindent=\dimen140
)
(d:/texlive/2024/texmf-dist/tex/generic/babel/babel.sty
Package: babel 2024/02/07 v24.2 The Babel package
\babel@savecnt=\count192
\U@D=\dimen141
\l@unhyphenated=\language89

(d:/texlive/2024/texmf-dist/tex/generic/babel/xebabel.def)
\bbl@readstream=\read2
\bbl@dirlevel=\count193

(d:/texlive/2024/texmf-dist/tex/generic/babel-english/english.ldf
Language: english 2017/06/06 v3.3r English support from the babel system
Package babel Info: Hyphen rules for 'canadian' set to \l@english
(babel)             (\language0). Reported on input line 102.
Package babel Info: Hyphen rules for 'australian' set to \l@ukenglish
(babel)             (\language23). Reported on input line 105.
Package babel Info: Hyphen rules for 'newzealand' set to \l@ukenglish
(babel)             (\language23). Reported on input line 108.
)
(d:/texlive/2024/texmf-dist/tex/generic/babel-russian/russianb.ldf
File: russianb.ldf 2021/01/10 1.3m Russian support for the Babel system
Language: russian 2020/09/09 1.3k Russian support for the Babel system
Package babel Info: Making " an active character on input line 124.
Package babel Info: Default for \cyrdash is provided on input line 163.
))
(d:/texlive/2024/texmf-dist/tex/generic/babel/locale/ru/babel-russian.tex
Package babel Info: Importing font and identification data for russian
(babel)             from babel-ru.ini. Reported on input line 11.
)
(d:/texlive/2024/texmf-dist/tex/generic/babel/locale/en/babel-english.tex
Package babel Info: Importing font and identification data for english
(babel)             from babel-en.ini. Reported on input line 11.
)
(d:/texlive/2024/texmf-dist/tex/latex/geometry/geometry.sty
Package: geometry 2020/01/02 v5.9 Page Geometry

(d:/texlive/2024/texmf-dist/tex/latex/graphics/keyval.sty
Package: keyval 2022/05/29 v1.15 key=value parser (DPC)
\KV@toks@=\toks17
)
(d:/texlive/2024/texmf-dist/tex/generic/iftex/ifvtex.sty
Package: ifvtex 2019/10/25 v1.7 ifvtex legacy package. Use iftex instead.

(d:/texlive/2024/texmf-dist/tex/generic/iftex/iftex.sty
Package: iftex 2022/02/03 v1.0f TeX engine tests
))
\Gm@cnth=\count194
\Gm@cntv=\count195
\c@Gm@tempcnt=\count196
\Gm@bindingoffset=\dimen142
\Gm@wd@mp=\dimen143
\Gm@odd@mp=\dimen144
\Gm@even@mp=\dimen145
\Gm@layoutwidth=\dimen146
\Gm@layoutheight=\dimen147
\Gm@layouthoffset=\dimen148
\Gm@layoutvoffset=\dimen149
\Gm@dimlist=\toks18
)
(d:/texlive/2024/texmf-dist/tex/latex/base/fontenc.sty
Package: fontenc 2021/04/29 v2.0v Standard LaTeX package

(d:/texlive/2024/texmf-dist/tex/latex/cyrillic/t2aenc.def
File: t2aenc.def 2022/06/11 v1.0j Cyrillic encoding definition file
)
LaTeX Font Info:    Trying to load font information for T2A+lmr on input line 1
12.
LaTeX Font Info:    No file T2Almr.fd. on input line 112.
LaTeX Font Info:    Trying to load font information for T2A+cmr on input line 1
12.

(d:/texlive/2024/texmf-dist/tex/latex/cyrillic/t2acmr.fd
File: t2acmr.fd 2001/08/11 v1.0a Computer Modern Cyrillic font definitions
)

LaTeX Font Warning: Font shape `T2A/lmr/m/n' undefined
(Font)              using `T2A/cmr/m/n' instead on input line 112.

) (d:/texlive/2024/texmf-dist/tex/latex/base/inputenc.sty
Package: inputenc 2021/02/14 v1.3d Input encoding file
\inpenc@prehook=\toks19
\inpenc@posthook=\toks20


Package inputenc Warning: inputenc package ignored with utf8 based engines.

) (d:/texlive/2024/texmf-dist/tex/latex/multirow/multirow.sty
Package: multirow 2021/03/15 v2.8 Span multiple rows of a table
\multirow@colwidth=\skip50
\multirow@cntb=\count197
\multirow@dima=\skip51
\bigstrutjot=\dimen150
)
(d:/texlive/2024/texmf-dist/tex/latex/fontspec/fontspec.sty
(d:/texlive/2024/texmf-dist/tex/latex/l3packages/xparse/xparse.sty
(d:/texlive/2024/texmf-dist/tex/latex/l3kernel/expl3.sty
Package: expl3 2024-02-20 L3 programming layer (loader) 

(d:/texlive/2024/texmf-dist/tex/latex/l3backend/l3backend-xetex.def
File: l3backend-xetex.def 2024-02-20 L3 backend support: XeTeX
\g__graphics_track_int=\count198
\l__pdf_internal_box=\box51
\g__pdf_backend_object_int=\count199
\g__pdf_backend_annotation_int=\count266
\g__pdf_backend_link_int=\count267
))
Package: xparse 2024-02-18 L3 Experimental document command parser
)
Package: fontspec 2024/02/13 v2.9a Font selection for XeLaTeX and LuaLaTeX

(d:/texlive/2024/texmf-dist/tex/latex/fontspec/fontspec-xetex.sty
Package: fontspec-xetex 2024/02/13 v2.9a Font selection for XeLaTeX and LuaLaTe
X
\l__fontspec_script_int=\count268
\l__fontspec_language_int=\count269
\l__fontspec_strnum_int=\count270
\l__fontspec_tmp_int=\count271
\l__fontspec_tmpa_int=\count272
\l__fontspec_tmpb_int=\count273
\l__fontspec_tmpc_int=\count274
\l__fontspec_em_int=\count275
\l__fontspec_emdef_int=\count276
\l__fontspec_strong_int=\count277
\l__fontspec_strongdef_int=\count278
\l__fontspec_tmpa_dim=\dimen151
\l__fontspec_tmpb_dim=\dimen152
\l__fontspec_tmpc_dim=\dimen153

(d:/texlive/2024/texmf-dist/tex/latex/base/fontenc.sty
Package: fontenc 2021/04/29 v2.0v Standard LaTeX package
)
(d:/texlive/2024/texmf-dist/tex/latex/fontspec/fontspec.cfg)))

Package fontspec Info: Font family 'TimesNewRoman(0)' created for font 'Times
(fontspec)             New Roman' with options [Ligatures=TeX,Ligatures=TeX].
(fontspec)              
(fontspec)              This font family consists of the following NFSS
(fontspec)             series/shapes:
(fontspec)              
(fontspec)             - 'normal' (m/n) with NFSS spec.: <->"Times New
(fontspec)             Roman/OT:script=latn;language=dflt;mapping=tex-text;"
(fontspec)             - 'small caps'  (m/sc) with NFSS spec.: <->"Times New
(fontspec)             Roman/OT:script=latn;language=dflt;+smcp;mapping=tex-tex
t;"
(fontspec)             - 'bold' (b/n) with NFSS spec.: <->"Times New
(fontspec)             Roman/B/OT:script=latn;language=dflt;mapping=tex-text;"
(fontspec)             - 'bold small caps'  (b/sc) with NFSS spec.: <->"Times
(fontspec)             New
(fontspec)             Roman/B/OT:script=latn;language=dflt;+smcp;mapping=tex-t
ext;"
(fontspec)             - 'italic' (m/it) with NFSS spec.: <->"Times New
(fontspec)             Roman/I/OT:script=latn;language=dflt;mapping=tex-text;"
(fontspec)             - 'italic small caps'  (m/scit) with NFSS spec.:
(fontspec)             <->"Times New
(fontspec)             Roman/I/OT:script=latn;language=dflt;+smcp;mapping=tex-t
ext;"
(fontspec)             - 'bold italic' (b/it) with NFSS spec.: <->"Times New
(fontspec)             Roman/BI/OT:script=latn;language=dflt;mapping=tex-text;"

(fontspec)             - 'bold italic small caps'  (b/scit) with NFSS spec.:
(fontspec)             <->"Times New
(fontspec)             Roman/BI/OT:script=latn;language=dflt;+smcp;mapping=tex-
text;"


(d:/texlive/2024/texmf-dist/tex/latex/xcolor/xcolor.sty
Package: xcolor 2023/11/15 v3.01 LaTeX color extensions (UK)

(d:/texlive/2024/texmf-dist/tex/latex/graphics-cfg/color.cfg
File: color.cfg 2016/01/02 v1.6 sample color configuration
)
Package xcolor Info: Driver file: xetex.def on input line 274.

(d:/texlive/2024/texmf-dist/tex/latex/graphics-def/xetex.def
File: xetex.def 2022/09/22 v5.0n Graphics/color driver for xetex
)
(d:/texlive/2024/texmf-dist/tex/latex/graphics/mathcolor.ltx)
Package xcolor Info: Model `cmy' substituted by `cmy0' on input line 1350.
Package xcolor Info: Model `RGB' extended on input line 1366.
Package xcolor Info: Model `HTML' substituted by `rgb' on input line 1368.
Package xcolor Info: Model `Hsb' substituted by `hsb' on input line 1369.
Package xcolor Info: Model `tHsb' substituted by `hsb' on input line 1370.
Package xcolor Info: Model `HSB' substituted by `hsb' on input line 1371.
Package xcolor Info: Model `Gray' substituted by `gray' on input line 1372.
Package xcolor Info: Model `wave' substituted by `hsb' on input line 1373.
)
(d:/texlive/2024/texmf-dist/tex/latex/colortbl/colortbl.sty
Package: colortbl 2024/02/20 v1.0g Color table columns (DPC)

(d:/texlive/2024/texmf-dist/tex/latex/tools/array.sty
Package: array 2023/10/16 v2.5g Tabular extension package (FMi)
\col@sep=\dimen154
\ar@mcellbox=\box52
\extrarowheight=\dimen155
\NC@list=\toks21
\extratabsurround=\skip52
\backup@length=\skip53
\ar@cellbox=\box53
)
\everycr=\toks22
\minrowclearance=\skip54
\rownum=\count279
)

LaTeX Warning: Unused global option(s):
    [a2paper].

(./dop.aux)
\openout1 = `dop.aux'.

LaTeX Font Info:    Checking defaults for OML/cmm/m/it on input line 26.
LaTeX Font Info:    ... okay on input line 26.
LaTeX Font Info:    Checking defaults for OMS/cmsy/m/n on input line 26.
LaTeX Font Info:    ... okay on input line 26.
LaTeX Font Info:    Checking defaults for OT1/cmr/m/n on input line 26.
LaTeX Font Info:    ... okay on input line 26.
LaTeX Font Info:    Checking defaults for T1/cmr/m/n on input line 26.
LaTeX Font Info:    ... okay on input line 26.
LaTeX Font Info:    Checking defaults for TS1/cmr/m/n on input line 26.
LaTeX Font Info:    Trying to load font information for TS1+cmr on input line 2
6.
 (d:/texlive/2024/texmf-dist/tex/latex/base/ts1cmr.fd
File: ts1cmr.fd 2023/04/13 v2.5m Standard LaTeX font definitions
)
LaTeX Font Info:    ... okay on input line 26.
LaTeX Font Info:    Checking defaults for TU/lmr/m/n on input line 26.
LaTeX Font Info:    ... okay on input line 26.
LaTeX Font Info:    Checking defaults for OMX/cmex/m/n on input line 26.
LaTeX Font Info:    ... okay on input line 26.
LaTeX Font Info:    Checking defaults for U/cmr/m/n on input line 26.
LaTeX Font Info:    ... okay on input line 26.
LaTeX Font Info:    Checking defaults for T2A/cmr/m/n on input line 26.
LaTeX Font Info:    ... okay on input line 26.
LaTeX Info: Redefining \th on input line 26.

*geometry* driver: auto-detecting
*geometry* detected driver: xetex
*geometry* verbose mode - [ preamble ] result:
* driver: xetex
* paper: a2paper
* layout: <same size as paper>
* layoutoffset:(h,v)=(0.0pt,0.0pt)
* modes: 
* h-part:(L,W,R)=(14.22636pt, 1163.71756pt, 17.07182pt)
* v-part:(T,H,B)=(14.22636pt, 1661.64096pt, 14.22636pt)
* \paperwidth=1195.01575pt
* \paperheight=1690.09369pt
* \textwidth=1163.71756pt
* \textheight=1661.64096pt
* \oddsidemargin=-58.04362pt
* \evensidemargin=-58.04362pt
* \topmargin=-95.04362pt
* \headheight=12.0pt
* \headsep=25.0pt
* \topskip=12.0pt
* \footskip=30.0pt
* \marginparwidth=44.0pt
* \marginparsep=10.0pt
* \columnsep=10.0pt
* \skip\footins=10.8pt plus 4.0pt minus 2.0pt
* \hoffset=0.0pt
* \voffset=0.0pt
* \mag=1000
* \@twocolumnfalse
* \@twosidefalse
* \@mparswitchfalse
* \@reversemarginfalse
* (1in=72.27pt=25.4mm, 1cm=28.453pt)


Package fontspec Info: Adjusting the maths setup (use [no-math] to avoid
(fontspec)             this).

\symlegacymaths=\mathgroup4
LaTeX Font Info:    Overwriting symbol font `legacymaths' in version `bold'
(Font)                  OT1/cmr/m/n --> OT1/cmr/bx/n on input line 26.
LaTeX Font Info:    Redeclaring math accent \acute on input line 26.
LaTeX Font Info:    Redeclaring math accent \grave on input line 26.
LaTeX Font Info:    Redeclaring math accent \ddot on input line 26.
LaTeX Font Info:    Redeclaring math accent \tilde on input line 26.
LaTeX Font Info:    Redeclaring math accent \bar on input line 26.
LaTeX Font Info:    Redeclaring math accent \breve on input line 26.
LaTeX Font Info:    Redeclaring math accent \check on input line 26.
LaTeX Font Info:    Redeclaring math accent \hat on input line 26.
LaTeX Font Info:    Redeclaring math accent \dot on input line 26.
LaTeX Font Info:    Redeclaring math accent \mathring on input line 26.
LaTeX Font Info:    Redeclaring math symbol \colon on input line 26.
LaTeX Font Info:    Redeclaring math symbol \Gamma on input line 26.
LaTeX Font Info:    Redeclaring math symbol \Delta on input line 26.
LaTeX Font Info:    Redeclaring math symbol \Theta on input line 26.
LaTeX Font Info:    Redeclaring math symbol \Lambda on input line 26.
LaTeX Font Info:    Redeclaring math symbol \Xi on input line 26.
LaTeX Font Info:    Redeclaring math symbol \Pi on input line 26.
LaTeX Font Info:    Redeclaring math symbol \Sigma on input line 26.
LaTeX Font Info:    Redeclaring math symbol \Upsilon on input line 26.
LaTeX Font Info:    Redeclaring math symbol \Phi on input line 26.
LaTeX Font Info:    Redeclaring math symbol \Psi on input line 26.
LaTeX Font Info:    Redeclaring math symbol \Omega on input line 26.
LaTeX Font Info:    Redeclaring math symbol \mathdollar on input line 26.
LaTeX Font Info:    Redeclaring symbol font `operators' on input line 26.
LaTeX Font Info:    Encoding `OT1' has changed to `TU' for symbol font
(Font)              `operators' in the math version `normal' on input line 26.
LaTeX Font Info:    Overwriting symbol font `operators' in version `normal'
(Font)                  OT1/cmr/m/n --> TU/TimesNewRoman(0)/m/n on input line 2
6.
LaTeX Font Info:    Encoding `OT1' has changed to `TU' for symbol font
(Font)              `operators' in the math version `bold' on input line 26.
LaTeX Font Info:    Overwriting symbol font `operators' in version `bold'
(Font)                  OT1/cmr/bx/n --> TU/TimesNewRoman(0)/m/n on input line 
26.
LaTeX Font Info:    Overwriting symbol font `operators' in version `normal'
(Font)                  TU/TimesNewRoman(0)/m/n --> TU/TimesNewRoman(0)/m/n on 
input line 26.
LaTeX Font Info:    Overwriting math alphabet `\mathit' in version `normal'
(Font)                  OT1/cmr/m/it --> TU/TimesNewRoman(0)/m/it on input line
 26.
LaTeX Font Info:    Overwriting math alphabet `\mathbf' in version `normal'
(Font)                  OT1/cmr/bx/n --> TU/TimesNewRoman(0)/b/n on input line 
26.
LaTeX Font Info:    Overwriting math alphabet `\mathsf' in version `normal'
(Font)                  OT1/cmss/m/n --> TU/lmss/m/n on input line 26.
LaTeX Font Info:    Overwriting math alphabet `\mathtt' in version `normal'
(Font)                  OT1/cmtt/m/n --> TU/lmtt/m/n on input line 26.
LaTeX Font Info:    Overwriting symbol font `operators' in version `bold'
(Font)                  TU/TimesNewRoman(0)/m/n --> TU/TimesNewRoman(0)/b/n on 
input line 26.
LaTeX Font Info:    Overwriting math alphabet `\mathit' in version `bold'
(Font)                  OT1/cmr/bx/it --> TU/TimesNewRoman(0)/b/it on input lin
e 26.
LaTeX Font Info:    Overwriting math alphabet `\mathsf' in version `bold'
(Font)                  OT1/cmss/bx/n --> TU/lmss/b/n on input line 26.
LaTeX Font Info:    Overwriting math alphabet `\mathtt' in version `bold'
(Font)                  OT1/cmtt/m/n --> TU/lmtt/b/n on input line 26.
LaTeX Font Info:    External font `cmex10' loaded for size
(Font)              <12> on input line 30.
LaTeX Font Info:    External font `cmex10' loaded for size
(Font)              <8> on input line 30.
LaTeX Font Info:    External font `cmex10' loaded for size
(Font)              <6> on input line 30.

Overfull \hbox (3.9183pt too wide) in paragraph at lines 38--38
[]|\TU/TimesNewRoman(0)/m/n/10.95 Hydrogenium| 
 []


Overfull \hbox (7.7018pt too wide) in paragraph at lines 38--38
[]|\TU/TimesNewRoman(0)/b/n/12 1.00794| 
 []


Overfull \hbox (1.7018pt too wide) in paragraph at lines 38--38
[]|\TU/TimesNewRoman(0)/b/n/12 4.0026| 
 []


Overfull \hbox (1.7018pt too wide) in paragraph at lines 41--41
[]|\TU/TimesNewRoman(0)/b/n/12 9.0122| 
 []


Overfull \hbox (1.03969pt too wide) in paragraph at lines 41--41
[]|\TU/TimesNewRoman(0)/b/n/12 10.811| 
 []


Overfull \hbox (1.03969pt too wide) in paragraph at lines 41--41
[]|\TU/TimesNewRoman(0)/b/n/12 12.011| 
 []


Overfull \hbox (1.7018pt too wide) in paragraph at lines 42--42
[]|\TU/TimesNewRoman(0)/b/n/12 14.007| 
 []


Overfull \hbox (1.7018pt too wide) in paragraph at lines 42--42
[]|\TU/TimesNewRoman(0)/b/n/12 15.999| 
 []


Overfull \hbox (1.7018pt too wide) in paragraph at lines 42--42
[]|\TU/TimesNewRoman(0)/b/n/12 18.998| 
 []


Overfull \hbox (1.7018pt too wide) in paragraph at lines 42--42
[]|\TU/TimesNewRoman(0)/b/n/12 20.179| 
 []


Overfull \hbox (1.7018pt too wide) in paragraph at lines 45--45
[]|\TU/TimesNewRoman(0)/b/n/12 24.305| 
 []


Overfull \hbox (7.7018pt too wide) in paragraph at lines 45--45
[]|\TU/TimesNewRoman(0)/b/n/12 26.9815| 
 []


Overfull \hbox (1.7018pt too wide) in paragraph at lines 45--45
[]|\TU/TimesNewRoman(0)/b/n/12 28.086| 
 []


Overfull \hbox (1.7018pt too wide) in paragraph at lines 45--45
[]|\TU/TimesNewRoman(0)/b/n/12 30.974| 
 []


Overfull \hbox (1.7018pt too wide) in paragraph at lines 45--45
[]|\TU/TimesNewRoman(0)/b/n/12 32.066| 
 []


Overfull \hbox (1.7018pt too wide) in paragraph at lines 45--45
[]|\TU/TimesNewRoman(0)/b/n/12 35.453| 
 []


Overfull \hbox (1.7018pt too wide) in paragraph at lines 45--45
[]|\TU/TimesNewRoman(0)/b/n/12 39.948| 
 []


Overfull \hbox (1.7018pt too wide) in paragraph at lines 48--48
[]|\TU/TimesNewRoman(0)/b/n/12 39.098| 
 []


Overfull \hbox (1.7018pt too wide) in paragraph at lines 48--48
[]|\TU/TimesNewRoman(0)/b/n/12 44.956| 
 []


Overfull \hbox (1.7018pt too wide) in paragraph at lines 48--48
[]|\TU/TimesNewRoman(0)/b/n/12 50.941| 
 []


Overfull \hbox (1.7018pt too wide) in paragraph at lines 48--48
[]|\TU/TimesNewRoman(0)/b/n/12 51.996| 
 []


Overfull \hbox (1.7018pt too wide) in paragraph at lines 48--48
[]|\TU/TimesNewRoman(0)/b/n/12 54.938| 
 []


Overfull \hbox (1.7018pt too wide) in paragraph at lines 48--48
[]|\TU/TimesNewRoman(0)/b/n/12 55.847| 
 []


Overfull \hbox (1.7018pt too wide) in paragraph at lines 48--48
[]|\TU/TimesNewRoman(0)/b/n/12 58.933| 
 []


Overfull \hbox (1.7018pt too wide) in paragraph at lines 51--51
[]|\TU/TimesNewRoman(0)/b/n/12 63.546| 
 []


Overfull \hbox (1.7018pt too wide) in paragraph at lines 51--51
[]|\TU/TimesNewRoman(0)/b/n/12 74.992| 
 []


Overfull \hbox (1.7018pt too wide) in paragraph at lines 51--51
[]|\TU/TimesNewRoman(0)/b/n/12 79.904| 
 []


Overfull \hbox (1.7018pt too wide) in paragraph at lines 54--54
[]|\TU/TimesNewRoman(0)/b/n/12 85.468| 
 []


Overfull \hbox (1.7018pt too wide) in paragraph at lines 54--54
[]|\TU/TimesNewRoman(0)/b/n/12 88.906| 
 []


Overfull \hbox (1.7018pt too wide) in paragraph at lines 54--54
[]|\TU/TimesNewRoman(0)/b/n/12 92.906| 
 []


Overfull \hbox (6.96057pt too wide) in paragraph at lines 54--54
[]|\TU/TimesNewRoman(0)/m/n/10.95 Molybdaenum| 
 []


Overfull \hbox (1.7018pt too wide) in paragraph at lines 54--54
[]|\TU/TimesNewRoman(0)/b/n/12 101.07| 
 []


Overfull \hbox (1.7018pt too wide) in paragraph at lines 54--54
[]|\TU/TimesNewRoman(0)/b/n/12 102.96| 
 []


Overfull \hbox (7.7018pt too wide) in paragraph at lines 57--57
[]|\TU/TimesNewRoman(0)/b/n/12 107.868| 
 []


Overfull \hbox (1.03969pt too wide) in paragraph at lines 57--57
[]|\TU/TimesNewRoman(0)/b/n/12 112.41| 
 []


Overfull \hbox (1.03969pt too wide) in paragraph at lines 57--57
[]|\TU/TimesNewRoman(0)/b/n/12 114.82| 
 []


Overfull \hbox (1.03969pt too wide) in paragraph at lines 57--57
[]|\TU/TimesNewRoman(0)/b/n/12 118.71| 
 []


Overfull \hbox (1.7018pt too wide) in paragraph at lines 57--57
[]|\TU/TimesNewRoman(0)/b/n/12 121.75| 
 []


Overfull \hbox (13.7018pt too wide) in paragraph at lines 57--57
[]|\TU/TimesNewRoman(0)/b/n/12 126.9045| 
 []


Overfull \hbox (1.7018pt too wide) in paragraph at lines 57--57
[]|\TU/TimesNewRoman(0)/b/n/12 131.29| 
 []


Overfull \hbox (7.7018pt too wide) in paragraph at lines 60--60
[]|\TU/TimesNewRoman(0)/b/n/12 132.905| 
 []


Overfull \hbox (1.7018pt too wide) in paragraph at lines 60--60
[]|\TU/TimesNewRoman(0)/b/n/12 137.33| 
 []


Overfull \hbox (13.7018pt too wide) in paragraph at lines 60--60
[]|\TU/TimesNewRoman(0)/b/n/12 138.9055| 
 []


Overfull \hbox (1.7018pt too wide) in paragraph at lines 60--60
[]|\TU/TimesNewRoman(0)/b/n/12 178.49| 
 []


Overfull \hbox (13.7018pt too wide) in paragraph at lines 60--60
[]|\TU/TimesNewRoman(0)/b/n/12 180.9479| 
 []


Overfull \hbox (1.7018pt too wide) in paragraph at lines 60--60
[]|\TU/TimesNewRoman(0)/b/n/12 183.85| 
 []


Overfull \hbox (7.7018pt too wide) in paragraph at lines 60--60
[]|\TU/TimesNewRoman(0)/b/n/12 186.207| 
 []


Overfull \hbox (1.7018pt too wide) in paragraph at lines 60--60
[]|\TU/TimesNewRoman(0)/b/n/12 192.22| 
 []


Overfull \hbox (1.7018pt too wide) in paragraph at lines 60--60
[]|\TU/TimesNewRoman(0)/b/n/12 195.08| 
 []


Overfull \hbox (7.7018pt too wide) in paragraph at lines 63--63
[]|\TU/TimesNewRoman(0)/b/n/12 196.967| 
 []


Overfull \hbox (2.4961pt too wide) in paragraph at lines 63--63
[]|\TU/TimesNewRoman(0)/m/n/10.95 Hydrargyrum| 
 []


Overfull \hbox (1.7018pt too wide) in paragraph at lines 63--63
[]|\TU/TimesNewRoman(0)/b/n/12 200.59| 
 []


Overfull \hbox (1.7018pt too wide) in paragraph at lines 63--63
[]|\TU/TimesNewRoman(0)/b/n/12 204.38| 
 []


Overfull \hbox (1.7018pt too wide) in paragraph at lines 63--63
[]|\TU/TimesNewRoman(0)/b/n/12 207.19| 
 []


Overfull \hbox (1.7018pt too wide) in paragraph at lines 63--63
[]|\TU/TimesNewRoman(0)/b/n/12 208.98| 
 []


Overfull \hbox (1.7018pt too wide) in paragraph at lines 63--63
[]|\TU/TimesNewRoman(0)/b/n/12 209.98| 
 []


Overfull \hbox (1.7018pt too wide) in paragraph at lines 63--63
[]|\TU/TimesNewRoman(0)/b/n/12 209.99| 
 []


Overfull \hbox (6.3457pt too wide) in paragraph at lines 66--66
[]|\TU/TimesNewRoman(0)/m/n/10.95 Rutherforfium| 
 []


Overfull \hbox (7.00334pt too wide) in paragraph at lines 66--66
[]|\TU/TimesNewRoman(0)/b/n/10.95 Резерфордий| 
 []

[1

] (./dop.aux)
 ***********
LaTeX2e <2023-11-01> patch level 1
L3 programming layer <2024-02-20>
 ***********


LaTeX Font Warning: Some font shapes were not available, defaults substituted.

 ) 
Here is how much of TeX's memory you used:
 6140 strings out of 474773
 152706 string characters out of 5761289
 2041842 words of memory out of 5000000
 28239 multiletter control sequences out of 15000+600000
 561751 words of font info for 64 fonts, out of 8000000 for 9000
 1348 hyphenation exceptions out of 8191
 79i,18n,93p,638b,353s stack positions out of 10000i,1000n,20000p,200000b,200000s

Output written on dop.pdf (1 page).
