Carnivine Stormdrake from the team Red enters the battle!
Excadrill Frostbloom from the team Black enters the battle!
Excadrill Frostbloom uses Brutal Swing.
Critical hit!
Carnivine Stormdrake loses 63 hit points.

Carnivine Stormdrake uses Swagger.
Excadrill Frostbloom increases attack.

Excadrill Frostbloom hits himself in confusion.
Excadrill Frostbloom loses 59 hit points.

Carnivine Stormdrake uses Leaf Tornado.
Excadrill Frostbloom loses 56 hit points.

Excadrill Frostbloom uses MudSlap.
Carnivine Stormdrake loses 6 hit points.
Carnivine Stormdrake decreases accuracy.

Carnivine Stormdrake misses

Excadrill Frostbloom uses Brutal Swing.
Carnivine Stormdrake loses 59 hit points.

Carnivine Stormdrake uses Swagger.
Excadrill Frostbloom increases attack.

Excadrill Frostbloom misses

Carnivine Stormdrake misses

Excadrill Frostbloom uses MudSlap.
Carnivine Stormdrake loses 7 hit points.
Carnivine Stormdrake decreases accuracy.

Carnivine Stormdrake misses

Excadrill Frostbloom uses Brutal Swing.
Critical hit!
Carnivine Stormdrake loses 192 hit points.
Carnivine Stormdrake faints.
Chandelure Abysspawn from the team Red enters the battle!
Chandelure Abysspawn uses Inferno.
Critical hit!
Excadrill Frostbloom loses 470 hit points.
Excadrill Frostbloom faints.
Lampent Voltiger from the team Black enters the battle!
Chandelure Abysspawn uses Inferno.
Lampent Voltiger loses 54 hit points.
Lampent Voltiger is burned

Lampent Voltiger misses

Lampent Voltiger loses 25 hit points.
Chandelure Abysspawn uses DarkPulse.
Critical hit!
Lampent Voltiger loses 241 hit points.
Lampent Voltiger faints.
Litwick Dreadtalon from the team Black enters the battle!
Chandelure Abysspawn uses Inferno.
Litwick Dreadtalon loses 66 hit points.
Litwick Dreadtalon is burned

Litwick Dreadtalon uses Psychic.
Chandelure Abysspawn loses 42 hit points.

Litwick Dreadtalon loses 26 hit points.
Chandelure Abysspawn uses DarkPulse.
Critical hit!
Litwick Dreadtalon loses 341 hit points.
Litwick Dreadtalon faints.
Team Black loses its last Pokemon.
The team Red wins the battle!